
0(9) : error C0000: syntax error, unexpected reserved word "uniform", expecting ',' or ';' at token "uniform"
0(74) : error C1503: undefined variable "uRedDepth"
0(74) : error C1503: undefined variable "uRedDepth"

